Using pre-set license
Built from '2020.3/staging' branch; Version is '2020.3.3f1 (76626098c1c4) revision 7758432'; Using compiler version '192528614'; Build Type 'Release'
OS: 'Windows 10 Home; OS build 19042.985; Version 2009; 64bit' Language: 'en' Physical Memory: 16291 MB
BatchMode: 1, IsHumanControllingUs: 0, StartBugReporterOnCrash: 0, Is64bit: 1, IsPro: 0

 COMMAND LINE ARGUMENTS:
C:\Program Files\Unity\Hub\Editor\2020.3.3f1\Editor\Unity.exe
-adb2
-batchMode
-noUpm
-name
AssetImportWorker0
-projectPath
C:/Users/SilverSkull_Customs/Documents/Warprider Folder/WarpRider
-logFile
Logs/AssetImportWorker0.log
-srvPort
54223
Successfully changed project path to: C:/Users/SilverSkull_Customs/Documents/Warprider Folder/WarpRider
C:/Users/SilverSkull_Customs/Documents/Warprider Folder/WarpRider
Using Asset Import Pipeline V2.
Refreshing native plugins compatible for Editor in 22.26 ms, found 0 plugins.
Preloading 0 native plugins for Editor in 0.00 ms.
Initialize engine version: 2020.3.3f1 (76626098c1c4)
[Subsystems] Discovering subsystems at path C:/Program Files/Unity/Hub/Editor/2020.3.3f1/Editor/Data/Resources/UnitySubsystems
[Subsystems] Discovering subsystems at path C:/Users/SilverSkull_Customs/Documents/Warprider Folder/WarpRider/Assets
GfxDevice: creating device client; threaded=0
Direct3D:
    Version:  Direct3D 11.0 [level 11.1]
    Renderer: NVIDIA GeForce RTX 2060 (ID=0x1f15)
    Vendor:   
    VRAM:     5980 MB
    Driver:   27.21.14.6647
Initialize mono
Mono path[0] = 'C:/Program Files/Unity/Hub/Editor/2020.3.3f1/Editor/Data/Managed'
Mono path[1] = 'C:/Program Files/Unity/Hub/Editor/2020.3.3f1/Editor/Data/MonoBleedingEdge/lib/mono/unityjit'
Mono config path = 'C:/Program Files/Unity/Hub/Editor/2020.3.3f1/Editor/Data/MonoBleedingEdge/etc'
Using monoOptions --debugger-agent=transport=dt_socket,embedding=1,server=y,suspend=n,address=127.0.0.1:56352
Begin MonoManager ReloadAssembly
Registering precompiled unity dll's ...
Register platform support module: C:/Program Files/Unity/Hub/Editor/2020.3.3f1/Editor/Data/PlaybackEngines/WindowsStandaloneSupport/UnityEditor.WindowsStandalone.Extensions.dll
Registered in 0.001417 seconds.
Native extension for WindowsStandalone target not found
Refreshing native plugins compatible for Editor in 22.96 ms, found 0 plugins.
Preloading 0 native plugins for Editor in 0.00 ms.
Invoked RoslynAnalysisRunner static constructor.
RoslynAnalysisRunner will not be running.
RoslynAnalysisRunner has terminated.
Mono: successfully reloaded assembly
- Completed reload, in  0.781 seconds
Platform modules already initialized, skipping
Registering precompiled user dll's ...
Registered in 0.000501 seconds.
Begin MonoManager ReloadAssembly
Native extension for WindowsStandalone target not found
Refreshing native plugins compatible for Editor in 22.92 ms, found 0 plugins.
Preloading 0 native plugins for Editor in 0.00 ms.
Invoked RoslynAnalysisRunner static constructor.
RoslynAnalysisRunner will not be running.
RoslynAnalysisRunner has terminated.
Mono: successfully reloaded assembly
- Completed reload, in  0.722 seconds
Platform modules already initialized, skipping
========================================================================
Worker process is ready to serve import requests
Launched and connected shader compiler UnityShaderCompiler.exe after 0.03 seconds
Refreshing native plugins compatible for Editor in 0.21 ms, found 0 plugins.
Preloading 0 native plugins for Editor in 0.00 ms.
Unloading 1424 Unused Serialized files (Serialized files now loaded: 0)
System memory in use before: 68.9 MB.
System memory in use after: 69.0 MB.

Unloading 11 unused Assets to reduce memory usage. Loaded Objects now: 1871.
Total: 1.640000 ms (FindLiveObjects: 0.156300 ms CreateObjectMapping: 0.093800 ms MarkObjects: 1.340400 ms  DeleteObjects: 0.048700 ms)

========================================================================
Received Import Request.
  path: Assets/Shane
  artifactKey: Guid(4da4fe30f872d0c45a9fd249f11b38ec) Importer(815301076,1909f56bfc062723c751e8b465ee728b)
Start importing Assets/Shane using Guid(4da4fe30f872d0c45a9fd249f11b38ec) Importer(815301076,1909f56bfc062723c751e8b465ee728b)  -> (artifact id: 'aa673bcebf71af05e8af5f54846b976f') in 0.009616 seconds
  Import took 0.012743 seconds .

========================================================================
Received Import Request.
  Time since last request: 11.234810 seconds.
  path: Assets/Shane/PlayerControllerTest.cs
  artifactKey: Guid(aedd784b164f8a5438e07e4af2f64835) Importer(815301076,1909f56bfc062723c751e8b465ee728b)
Start importing Assets/Shane/PlayerControllerTest.cs using Guid(aedd784b164f8a5438e07e4af2f64835) Importer(815301076,1909f56bfc062723c751e8b465ee728b)  -> (artifact id: '6b06e800c883f4934f77f4c75ec09513') in 0.019795 seconds
  Import took 0.021637 seconds .

========================================================================
Received Import Request.
  Time since last request: 0.055247 seconds.
  path: Assets/Shane/PlayerControllerTest.cs
  artifactKey: Guid(aedd784b164f8a5438e07e4af2f64835) Importer(815301076,1909f56bfc062723c751e8b465ee728b)
Start importing Assets/Shane/PlayerControllerTest.cs using Guid(aedd784b164f8a5438e07e4af2f64835) Importer(815301076,1909f56bfc062723c751e8b465ee728b)  -> (artifact id: '6b06e800c883f4934f77f4c75ec09513') in 0.002157 seconds
  Import took 0.004354 seconds .

========================================================================
Received Prepare
Registering precompiled user dll's ...
Registered in 0.000432 seconds.
Begin MonoManager ReloadAssembly
Native extension for WindowsStandalone target not found
Refreshing native plugins compatible for Editor in 0.21 ms, found 0 plugins.
Preloading 0 native plugins for Editor in 0.00 ms.
Invoked RoslynAnalysisRunner static constructor.
RoslynAnalysisRunner will not be running.
RoslynAnalysisRunner has terminated.
Mono: successfully reloaded assembly
- Completed reload, in  0.689 seconds
Platform modules already initialized, skipping
Refreshing native plugins compatible for Editor in 0.21 ms, found 0 plugins.
Preloading 0 native plugins for Editor in 0.00 ms.
Unloading 1411 Unused Serialized files (Serialized files now loaded: 0)
System memory in use before: 68.1 MB.
System memory in use after: 68.2 MB.

Unloading 4 unused Assets to reduce memory usage. Loaded Objects now: 1875.
Total: 1.657400 ms (FindLiveObjects: 0.195300 ms CreateObjectMapping: 0.054500 ms MarkObjects: 1.393500 ms  DeleteObjects: 0.013200 ms)

========================================================================
Received Import Request.
  Time since last request: 361.517319 seconds.
  path: Assets/Shane/Test.cs
  artifactKey: Guid(f8f7640bac9b24d4e8bef5123aff3e5c) Importer(815301076,1909f56bfc062723c751e8b465ee728b)
Start importing Assets/Shane/Test.cs using Guid(f8f7640bac9b24d4e8bef5123aff3e5c) Importer(815301076,1909f56bfc062723c751e8b465ee728b)  -> (artifact id: '16de43c85bd410190a9b584542b35587') in 0.009878 seconds
  Import took 0.012381 seconds .

========================================================================
Received Import Request.
  Time since last request: 0.001360 seconds.
  path: Assets/Shane/Test.cs
  artifactKey: Guid(f8f7640bac9b24d4e8bef5123aff3e5c) Importer(815301076,1909f56bfc062723c751e8b465ee728b)
Start importing Assets/Shane/Test.cs using Guid(f8f7640bac9b24d4e8bef5123aff3e5c) Importer(815301076,1909f56bfc062723c751e8b465ee728b)  -> (artifact id: '16de43c85bd410190a9b584542b35587') in 0.002443 seconds
  Import took 0.004455 seconds .

========================================================================
Received Import Request.
  Time since last request: 18.168977 seconds.
  path: Assets/Shane/PlayerControllerTest.cs
  artifactKey: Guid(aedd784b164f8a5438e07e4af2f64835) Importer(815301076,1909f56bfc062723c751e8b465ee728b)
Start importing Assets/Shane/PlayerControllerTest.cs using Guid(aedd784b164f8a5438e07e4af2f64835) Importer(815301076,1909f56bfc062723c751e8b465ee728b)  -> (artifact id: 'e0a4af87863550952b976d1ff38b147a') in 0.001932 seconds
  Import took 0.008074 seconds .

========================================================================
Received Prepare
Registering precompiled user dll's ...
Registered in 0.000495 seconds.
Begin MonoManager ReloadAssembly
Native extension for WindowsStandalone target not found
Refreshing native plugins compatible for Editor in 0.21 ms, found 0 plugins.
Preloading 0 native plugins for Editor in 0.00 ms.
Invoked RoslynAnalysisRunner static constructor.
RoslynAnalysisRunner will not be running.
RoslynAnalysisRunner has terminated.
Mono: successfully reloaded assembly
- Completed reload, in  0.673 seconds
Platform modules already initialized, skipping
Refreshing native plugins compatible for Editor in 0.22 ms, found 0 plugins.
Preloading 0 native plugins for Editor in 0.00 ms.
Unloading 1411 Unused Serialized files (Serialized files now loaded: 0)
System memory in use before: 68.2 MB.
System memory in use after: 68.3 MB.

Unloading 5 unused Assets to reduce memory usage. Loaded Objects now: 1878.
Total: 1.630500 ms (FindLiveObjects: 0.138600 ms CreateObjectMapping: 0.040700 ms MarkObjects: 1.432400 ms  DeleteObjects: 0.018000 ms)

========================================================================
Received Prepare
Registering precompiled user dll's ...
Registered in 0.000604 seconds.
Begin MonoManager ReloadAssembly
Native extension for WindowsStandalone target not found
Refreshing native plugins compatible for Editor in 0.23 ms, found 0 plugins.
Preloading 0 native plugins for Editor in 0.00 ms.
Invoked RoslynAnalysisRunner static constructor.
RoslynAnalysisRunner will not be running.
RoslynAnalysisRunner has terminated.
Mono: successfully reloaded assembly
- Completed reload, in  0.684 seconds
Platform modules already initialized, skipping
Refreshing native plugins compatible for Editor in 0.22 ms, found 0 plugins.
Preloading 0 native plugins for Editor in 0.00 ms.
Unloading 1410 Unused Serialized files (Serialized files now loaded: 0)
System memory in use before: 68.2 MB.
System memory in use after: 68.3 MB.

Unloading 5 unused Assets to reduce memory usage. Loaded Objects now: 1880.
Total: 2.102200 ms (FindLiveObjects: 0.253200 ms CreateObjectMapping: 0.112400 ms MarkObjects: 1.714700 ms  DeleteObjects: 0.019800 ms)

========================================================================
Received Import Request.
  Time since last request: 21.596327 seconds.
  path: Assets/Shane/PlayerController.cs
  artifactKey: Guid(46ab10125e43042438c359aaa2e26729) Importer(815301076,1909f56bfc062723c751e8b465ee728b)
Start importing Assets/Shane/PlayerController.cs using Guid(46ab10125e43042438c359aaa2e26729) Importer(815301076,1909f56bfc062723c751e8b465ee728b)  -> (artifact id: '01a1dda94794ae29d7bf8dbfdc8688b4') in 0.007578 seconds
  Import took 0.009833 seconds .

========================================================================
Received Prepare
Registering precompiled user dll's ...
Registered in 0.000604 seconds.
Begin MonoManager ReloadAssembly
Native extension for WindowsStandalone target not found
Refreshing native plugins compatible for Editor in 0.24 ms, found 0 plugins.
Preloading 0 native plugins for Editor in 0.00 ms.
Invoked RoslynAnalysisRunner static constructor.
RoslynAnalysisRunner will not be running.
RoslynAnalysisRunner has terminated.
Mono: successfully reloaded assembly
- Completed reload, in  0.680 seconds
Platform modules already initialized, skipping
Refreshing native plugins compatible for Editor in 0.22 ms, found 0 plugins.
Preloading 0 native plugins for Editor in 0.00 ms.
Unloading 1411 Unused Serialized files (Serialized files now loaded: 0)
System memory in use before: 68.2 MB.
System memory in use after: 68.3 MB.

Unloading 4 unused Assets to reduce memory usage. Loaded Objects now: 1884.
Total: 1.674400 ms (FindLiveObjects: 0.141900 ms CreateObjectMapping: 0.083200 ms MarkObjects: 1.437700 ms  DeleteObjects: 0.010900 ms)

========================================================================
Received Import Request.
  Time since last request: 510.674812 seconds.
  path: Assets/Shane/PlayerController.cs
  artifactKey: Guid(46ab10125e43042438c359aaa2e26729) Importer(815301076,1909f56bfc062723c751e8b465ee728b)
Start importing Assets/Shane/PlayerController.cs using Guid(46ab10125e43042438c359aaa2e26729) Importer(815301076,1909f56bfc062723c751e8b465ee728b)  -> (artifact id: '729649ab63802dc66e1332a0ee1033f0') in 0.005897 seconds
  Import took 0.007693 seconds .

========================================================================
Received Prepare
Registering precompiled user dll's ...
Registered in 0.000559 seconds.
Begin MonoManager ReloadAssembly
Native extension for WindowsStandalone target not found
Refreshing native plugins compatible for Editor in 0.21 ms, found 0 plugins.
Preloading 0 native plugins for Editor in 0.00 ms.
Invoked RoslynAnalysisRunner static constructor.
RoslynAnalysisRunner will not be running.
RoslynAnalysisRunner has terminated.
Mono: successfully reloaded assembly
- Completed reload, in  0.694 seconds
Platform modules already initialized, skipping
Refreshing native plugins compatible for Editor in 0.21 ms, found 0 plugins.
Preloading 0 native plugins for Editor in 0.00 ms.
Unloading 1411 Unused Serialized files (Serialized files now loaded: 0)
System memory in use before: 68.2 MB.
System memory in use after: 68.3 MB.

Unloading 4 unused Assets to reduce memory usage. Loaded Objects now: 1887.
Total: 2.007500 ms (FindLiveObjects: 0.143300 ms CreateObjectMapping: 0.038900 ms MarkObjects: 1.813600 ms  DeleteObjects: 0.010800 ms)

========================================================================
Received Import Request.
  Time since last request: 287.346552 seconds.
  path: Assets/Shane/PlayerController.cs
  artifactKey: Guid(46ab10125e43042438c359aaa2e26729) Importer(815301076,1909f56bfc062723c751e8b465ee728b)
Start importing Assets/Shane/PlayerController.cs using Guid(46ab10125e43042438c359aaa2e26729) Importer(815301076,1909f56bfc062723c751e8b465ee728b)  -> (artifact id: 'd5aa599967c9ae376ab069db4b99fb7d') in 0.006581 seconds
  Import took 0.008802 seconds .

========================================================================
Received Import Request.
  Time since last request: 0.001172 seconds.
  path: Assets/Shane/PlayerController.cs
  artifactKey: Guid(46ab10125e43042438c359aaa2e26729) Importer(815301076,1909f56bfc062723c751e8b465ee728b)
Start importing Assets/Shane/PlayerController.cs using Guid(46ab10125e43042438c359aaa2e26729) Importer(815301076,1909f56bfc062723c751e8b465ee728b)  -> (artifact id: 'd5aa599967c9ae376ab069db4b99fb7d') in 0.002289 seconds
  Import took 0.004234 seconds .

AssetImportWorkerClient::OnTransportError - code=2 error=End of file
