Using pre-set license
Built from '2020.3/staging' branch; Version is '2020.3.3f1 (76626098c1c4) revision 7758432'; Using compiler version '192528614'; Build Type 'Release'
OS: 'Windows 10 Home; OS build 19042.1052; Version 2009; 64bit' Language: 'en' Physical Memory: 7998 MB
BatchMode: 1, IsHumanControllingUs: 0, StartBugReporterOnCrash: 0, Is64bit: 1, IsPro: 0

 COMMAND LINE ARGUMENTS:
C:\Program Files\Unity\2020.3.3f1\Editor\Unity.exe
-adb2
-batchMode
-noUpm
-name
AssetImportWorker1
-projectPath
C:/Users/kip91/OneDrive/Documenten/GitHub/WarpRider
-logFile
Logs/AssetImportWorker1.log
-srvPort
50772
Successfully changed project path to: C:/Users/kip91/OneDrive/Documenten/GitHub/WarpRider
C:/Users/kip91/OneDrive/Documenten/GitHub/WarpRider
Using Asset Import Pipeline V2.
Refreshing native plugins compatible for Editor in 145.59 ms, found 0 plugins.
Preloading 0 native plugins for Editor in 0.00 ms.
Initialize engine version: 2020.3.3f1 (76626098c1c4)
[Subsystems] Discovering subsystems at path C:/Program Files/Unity/2020.3.3f1/Editor/Data/Resources/UnitySubsystems
[Subsystems] Discovering subsystems at path C:/Users/kip91/OneDrive/Documenten/GitHub/WarpRider/Assets
GfxDevice: creating device client; threaded=0
Direct3D:
    Version:  Direct3D 11.0 [level 11.1]
    Renderer: NVIDIA GeForce GTX 1050 (ID=0x1c91)
    Vendor:   
    VRAM:     2996 MB
    Driver:   27.21.14.6230
Initialize mono
Mono path[0] = 'C:/Program Files/Unity/2020.3.3f1/Editor/Data/Managed'
Mono path[1] = 'C:/Program Files/Unity/2020.3.3f1/Editor/Data/MonoBleedingEdge/lib/mono/unityjit'
Mono config path = 'C:/Program Files/Unity/2020.3.3f1/Editor/Data/MonoBleedingEdge/etc'
Using monoOptions --debugger-agent=transport=dt_socket,embedding=1,server=y,suspend=n,address=127.0.0.1:56092
Begin MonoManager ReloadAssembly
Registering precompiled unity dll's ...
Register platform support module: C:/Program Files/Unity/2020.3.3f1/Editor/Data/PlaybackEngines/WindowsStandaloneSupport/UnityEditor.WindowsStandalone.Extensions.dll
Registered in 0.013285 seconds.
Native extension for WindowsStandalone target not found
Refreshing native plugins compatible for Editor in 131.93 ms, found 0 plugins.
Preloading 0 native plugins for Editor in 0.00 ms.
Invoked RoslynAnalysisRunner static constructor.
RoslynAnalysisRunner will not be running.
RoslynAnalysisRunner has terminated.
Mono: successfully reloaded assembly
- Completed reload, in  4.504 seconds
Platform modules already initialized, skipping
Registering precompiled user dll's ...
Registered in 0.003990 seconds.
Begin MonoManager ReloadAssembly
Native extension for WindowsStandalone target not found
Refreshing native plugins compatible for Editor in 99.72 ms, found 0 plugins.
Preloading 0 native plugins for Editor in 0.00 ms.
Invoked RoslynAnalysisRunner static constructor.
RoslynAnalysisRunner will not be running.
RoslynAnalysisRunner has terminated.
Mono: successfully reloaded assembly
- Completed reload, in  3.408 seconds
Platform modules already initialized, skipping
========================================================================
Worker process is ready to serve import requests
Launched and connected shader compiler UnityShaderCompiler.exe after 0.17 seconds
Refreshing native plugins compatible for Editor in 2.81 ms, found 0 plugins.
Preloading 0 native plugins for Editor in 0.00 ms.
Unloading 1547 Unused Serialized files (Serialized files now loaded: 0)
System memory in use before: 149.1 MB.
System memory in use after: 149.2 MB.

Unloading 11 unused Assets to reduce memory usage. Loaded Objects now: 1995.
Total: 12.361900 ms (FindLiveObjects: 1.366600 ms CreateObjectMapping: 0.380200 ms MarkObjects: 10.162000 ms  DeleteObjects: 0.444000 ms)

========================================================================
Received Import Request.
  path: Assets/Scenes/Stefan.unity
  artifactKey: Guid(969af54736f28584aac3030f39b18e67) Importer(815301076,1909f56bfc062723c751e8b465ee728b)
Start importing Assets/Scenes/Stefan.unity using Guid(969af54736f28584aac3030f39b18e67) Importer(815301076,1909f56bfc062723c751e8b465ee728b)  -> (artifact id: '29bd534f559b93b222afc36182a08c8d') in 0.061381 seconds
  Import took 0.076711 seconds .

========================================================================
Received Import Request.
  Time since last request: 0.001517 seconds.
  path: Assets/Scenes/Shane.unity
  artifactKey: Guid(aecc946562c6cbc40adbbbc3890bc985) Importer(815301076,1909f56bfc062723c751e8b465ee728b)
Start importing Assets/Scenes/Shane.unity using Guid(aecc946562c6cbc40adbbbc3890bc985) Importer(815301076,1909f56bfc062723c751e8b465ee728b)  -> (artifact id: '435f209e2391a30febdeccb6c1d66e3e') in 0.031810 seconds
  Import took 0.040582 seconds .

========================================================================
Received Import Request.
  Time since last request: 28.471291 seconds.
  path: Assets/Scenes/Isabel.unity
  artifactKey: Guid(014cfebce7112544ea233703fe95a4cc) Importer(815301076,1909f56bfc062723c751e8b465ee728b)
Start importing Assets/Scenes/Isabel.unity using Guid(014cfebce7112544ea233703fe95a4cc) Importer(815301076,1909f56bfc062723c751e8b465ee728b)  -> (artifact id: '107dc8e5d953a4a9acec22e149c63a05') in 0.036113 seconds
  Import took 0.055261 seconds .

========================================================================
Received Import Request.
  Time since last request: 0.004423 seconds.
  path: Assets/Scenes/Isabel.unity
  artifactKey: Guid(014cfebce7112544ea233703fe95a4cc) Importer(815301076,1909f56bfc062723c751e8b465ee728b)
Start importing Assets/Scenes/Isabel.unity using Guid(014cfebce7112544ea233703fe95a4cc) Importer(815301076,1909f56bfc062723c751e8b465ee728b)  -> (artifact id: '107dc8e5d953a4a9acec22e149c63a05') in 0.013357 seconds
  Import took 0.020875 seconds .

========================================================================
Received Import Request.
  Time since last request: 21.384815 seconds.
  path: Assets/Stefan/TestScene.unity
  artifactKey: Guid(0fe4efc35bd215f4ca6c85b889272c30) Importer(815301076,1909f56bfc062723c751e8b465ee728b)
Start importing Assets/Stefan/TestScene.unity using Guid(0fe4efc35bd215f4ca6c85b889272c30) Importer(815301076,1909f56bfc062723c751e8b465ee728b)  -> (artifact id: 'cec422fdbfe79b9f30bc7eba4699e881') in 0.035046 seconds
  Import took 0.049314 seconds .

========================================================================
Received Import Request.
  Time since last request: 0.000570 seconds.
  path: Assets/Stefan/TestScene.unity
  artifactKey: Guid(0fe4efc35bd215f4ca6c85b889272c30) Importer(815301076,1909f56bfc062723c751e8b465ee728b)
Start importing Assets/Stefan/TestScene.unity using Guid(0fe4efc35bd215f4ca6c85b889272c30) Importer(815301076,1909f56bfc062723c751e8b465ee728b)  -> (artifact id: 'cec422fdbfe79b9f30bc7eba4699e881') in 0.013608 seconds
  Import took 0.023463 seconds .

========================================================================
Received Prepare
Registering precompiled user dll's ...
Registered in 0.211370 seconds.
Begin MonoManager ReloadAssembly
Native extension for WindowsStandalone target not found
Refreshing native plugins compatible for Editor in 0.73 ms, found 0 plugins.
Preloading 0 native plugins for Editor in 0.00 ms.
Invoked RoslynAnalysisRunner static constructor.
RoslynAnalysisRunner will not be running.
RoslynAnalysisRunner has terminated.
Mono: successfully reloaded assembly
- Completed reload, in 15.990 seconds
Platform modules already initialized, skipping
Refreshing native plugins compatible for Editor in 1.37 ms, found 0 plugins.
Preloading 0 native plugins for Editor in 0.00 ms.
Unloading 1506 Unused Serialized files (Serialized files now loaded: 0)
System memory in use before: 145.7 MB.
System memory in use after: 145.8 MB.

Unloading 4 unused Assets to reduce memory usage. Loaded Objects now: 1998.
Total: 6.668900 ms (FindLiveObjects: 0.648000 ms CreateObjectMapping: 0.163400 ms MarkObjects: 5.793200 ms  DeleteObjects: 0.061600 ms)

