Using pre-set license
Built from '2020.3/staging' branch; Version is '2020.3.3f1 (76626098c1c4) revision 7758432'; Using compiler version '192528614'; Build Type 'Release'
OS: 'Windows 10 Home; OS build 19042.985; Version 2009; 64bit' Language: 'en' Physical Memory: 16291 MB
BatchMode: 1, IsHumanControllingUs: 0, StartBugReporterOnCrash: 0, Is64bit: 1, IsPro: 0

 COMMAND LINE ARGUMENTS:
C:\Program Files\Unity\Hub\Editor\2020.3.3f1\Editor\Unity.exe
-adb2
-batchMode
-noUpm
-name
AssetImportWorker0
-projectPath
C:/Users/SilverSkull_Customs/Documents/Warprider Folder/WarpRider
-logFile
Logs/AssetImportWorker0.log
-srvPort
52317
Successfully changed project path to: C:/Users/SilverSkull_Customs/Documents/Warprider Folder/WarpRider
C:/Users/SilverSkull_Customs/Documents/Warprider Folder/WarpRider
Using Asset Import Pipeline V2.
Refreshing native plugins compatible for Editor in 30.08 ms, found 0 plugins.
Preloading 0 native plugins for Editor in 0.00 ms.
Initialize engine version: 2020.3.3f1 (76626098c1c4)
[Subsystems] Discovering subsystems at path C:/Program Files/Unity/Hub/Editor/2020.3.3f1/Editor/Data/Resources/UnitySubsystems
[Subsystems] Discovering subsystems at path C:/Users/SilverSkull_Customs/Documents/Warprider Folder/WarpRider/Assets
GfxDevice: creating device client; threaded=0
Direct3D:
    Version:  Direct3D 11.0 [level 11.1]
    Renderer: NVIDIA GeForce RTX 2060 (ID=0x1f15)
    Vendor:   
    VRAM:     5980 MB
    Driver:   27.21.14.6647
Initialize mono
Mono path[0] = 'C:/Program Files/Unity/Hub/Editor/2020.3.3f1/Editor/Data/Managed'
Mono path[1] = 'C:/Program Files/Unity/Hub/Editor/2020.3.3f1/Editor/Data/MonoBleedingEdge/lib/mono/unityjit'
Mono config path = 'C:/Program Files/Unity/Hub/Editor/2020.3.3f1/Editor/Data/MonoBleedingEdge/etc'
Using monoOptions --debugger-agent=transport=dt_socket,embedding=1,server=y,suspend=n,address=127.0.0.1:56780
Begin MonoManager ReloadAssembly
Registering precompiled unity dll's ...
Register platform support module: C:/Program Files/Unity/Hub/Editor/2020.3.3f1/Editor/Data/PlaybackEngines/WindowsStandaloneSupport/UnityEditor.WindowsStandalone.Extensions.dll
Registered in 0.102262 seconds.
Native extension for WindowsStandalone target not found
Refreshing native plugins compatible for Editor in 23.67 ms, found 0 plugins.
Preloading 0 native plugins for Editor in 0.00 ms.
Invoked RoslynAnalysisRunner static constructor.
RoslynAnalysisRunner will not be running.
RoslynAnalysisRunner has terminated.
Mono: successfully reloaded assembly
- Completed reload, in  3.021 seconds
Platform modules already initialized, skipping
Registering precompiled user dll's ...
Registered in 0.046163 seconds.
Begin MonoManager ReloadAssembly
Native extension for WindowsStandalone target not found
Refreshing native plugins compatible for Editor in 24.91 ms, found 0 plugins.
Preloading 0 native plugins for Editor in 0.00 ms.
Invoked RoslynAnalysisRunner static constructor.
RoslynAnalysisRunner will not be running.
RoslynAnalysisRunner has terminated.
Mono: successfully reloaded assembly
- Completed reload, in  1.677 seconds
Platform modules already initialized, skipping
========================================================================
Worker process is ready to serve import requests
Launched and connected shader compiler UnityShaderCompiler.exe after 0.06 seconds
Refreshing native plugins compatible for Editor in 0.21 ms, found 0 plugins.
Preloading 0 native plugins for Editor in 0.00 ms.
Unloading 1425 Unused Serialized files (Serialized files now loaded: 0)
System memory in use before: 68.9 MB.
System memory in use after: 68.9 MB.

Unloading 11 unused Assets to reduce memory usage. Loaded Objects now: 1872.
Total: 1.558000 ms (FindLiveObjects: 0.152800 ms CreateObjectMapping: 0.060200 ms MarkObjects: 1.301600 ms  DeleteObjects: 0.042700 ms)

========================================================================
Received Import Request.
  path: Assets/JustinsJudgmentalGroudn/InputSystem.inputactions
  artifactKey: Guid(b9ac03d5f82d119408e446057d037060) Importer(815301076,1909f56bfc062723c751e8b465ee728b)
Start importing Assets/JustinsJudgmentalGroudn/InputSystem.inputactions using Guid(b9ac03d5f82d119408e446057d037060) Importer(815301076,1909f56bfc062723c751e8b465ee728b)  -> (artifact id: '68c3dfbaf208a275fd505a7869603662') in 0.031456 seconds
  Import took 0.033750 seconds .

========================================================================
Received Import Request.
  Time since last request: 0.299531 seconds.
  path: Packages/com.unity.ide.rider
  artifactKey: Guid(ea5aa18a49e4f29d74984ea0ea11a238) Importer(815301076,1909f56bfc062723c751e8b465ee728b)
Start importing Packages/com.unity.ide.rider using Guid(ea5aa18a49e4f29d74984ea0ea11a238) Importer(815301076,1909f56bfc062723c751e8b465ee728b)  -> (artifact id: 'f7a9f982a5328b286757b224ce763d7c') in 0.005440 seconds
  Import took 0.007442 seconds .

========================================================================
Received Import Request.
  Time since last request: 0.007682 seconds.
  path: Packages/com.unity.ide.rider
  artifactKey: Guid(ea5aa18a49e4f29d74984ea0ea11a238) Importer(815301076,1909f56bfc062723c751e8b465ee728b)
Start importing Packages/com.unity.ide.rider using Guid(ea5aa18a49e4f29d74984ea0ea11a238) Importer(815301076,1909f56bfc062723c751e8b465ee728b)  -> (artifact id: 'f7a9f982a5328b286757b224ce763d7c') in 0.002365 seconds
  Import took 0.004354 seconds .

========================================================================
Received Import Request.
  Time since last request: 4.169342 seconds.
  path: Packages/com.unity.ide.rider/package.json
  artifactKey: Guid(66c95bb3c74257f41bae2622511dc02d) Importer(815301076,1909f56bfc062723c751e8b465ee728b)
Start importing Packages/com.unity.ide.rider/package.json using Guid(66c95bb3c74257f41bae2622511dc02d) Importer(815301076,1909f56bfc062723c751e8b465ee728b)  -> (artifact id: 'acc695bfcf38eb498902ab2cd6e7c2d2') in 0.018524 seconds
  Import took 0.020715 seconds .

========================================================================
Received Import Request.
  Time since last request: 11.871484 seconds.
  path: Packages/com.unity.ide.rider/Rider
  artifactKey: Guid(9129183a42052cd43b9c284d6dbd541e) Importer(815301076,1909f56bfc062723c751e8b465ee728b)
Start importing Packages/com.unity.ide.rider/Rider using Guid(9129183a42052cd43b9c284d6dbd541e) Importer(815301076,1909f56bfc062723c751e8b465ee728b)  -> (artifact id: '2622001e2275be2e060a4af356e662ed') in 0.012993 seconds
  Import took 0.015240 seconds .

========================================================================
Received Import Request.
  Time since last request: 0.670633 seconds.
  path: Packages/com.unity.ide.rider/Rider/Editor
  artifactKey: Guid(1b393f6b29a9ee84c803af1ab4944b71) Importer(815301076,1909f56bfc062723c751e8b465ee728b)
Start importing Packages/com.unity.ide.rider/Rider/Editor using Guid(1b393f6b29a9ee84c803af1ab4944b71) Importer(815301076,1909f56bfc062723c751e8b465ee728b)  -> (artifact id: '7f63d0156c525b41f58eac8691a06f7b') in 0.012197 seconds
  Import took 0.014370 seconds .

========================================================================
Received Import Request.
  Time since last request: 0.057055 seconds.
  path: Packages/com.unity.ide.rider/Rider/Editor/com.unity.ide.rider.asmdef
  artifactKey: Guid(d528c8c98d269ca44a06cd9624a03945) Importer(815301076,1909f56bfc062723c751e8b465ee728b)
Start importing Packages/com.unity.ide.rider/Rider/Editor/com.unity.ide.rider.asmdef using Guid(d528c8c98d269ca44a06cd9624a03945) Importer(815301076,1909f56bfc062723c751e8b465ee728b)  -> (artifact id: '6d99624f5664fdff9d996b734930028f') in 0.003256 seconds
  Import took 0.005490 seconds .

========================================================================
Received Import Request.
  Time since last request: 13.325499 seconds.
  path: Assets/Shane/PlayerController.cs
  artifactKey: Guid(46ab10125e43042438c359aaa2e26729) Importer(815301076,1909f56bfc062723c751e8b465ee728b)
Start importing Assets/Shane/PlayerController.cs using Guid(46ab10125e43042438c359aaa2e26729) Importer(815301076,1909f56bfc062723c751e8b465ee728b)  -> (artifact id: 'ef4959052331ccdf9575be17c3ac1c01') in 0.012226 seconds
  Import took 0.014485 seconds .

========================================================================
Received Import Request.
  Time since last request: 197.875782 seconds.
  path: Assets/Shane/PlayerController.cs
  artifactKey: Guid(46ab10125e43042438c359aaa2e26729) Importer(815301076,1909f56bfc062723c751e8b465ee728b)
Start importing Assets/Shane/PlayerController.cs using Guid(46ab10125e43042438c359aaa2e26729) Importer(815301076,1909f56bfc062723c751e8b465ee728b)  -> (artifact id: 'a5979125e8f36f7e3052cc699b6dcc2a') in 0.002021 seconds
  Import took 0.004470 seconds .

========================================================================
Received Prepare
Registering precompiled user dll's ...
Registered in 0.000539 seconds.
Begin MonoManager ReloadAssembly
Native extension for WindowsStandalone target not found
Refreshing native plugins compatible for Editor in 0.22 ms, found 0 plugins.
Preloading 0 native plugins for Editor in 0.00 ms.
Invoked RoslynAnalysisRunner static constructor.
RoslynAnalysisRunner will not be running.
RoslynAnalysisRunner has terminated.
Mono: successfully reloaded assembly
- Completed reload, in  0.723 seconds
Platform modules already initialized, skipping
Refreshing native plugins compatible for Editor in 0.21 ms, found 0 plugins.
Preloading 0 native plugins for Editor in 0.00 ms.
Unloading 1411 Unused Serialized files (Serialized files now loaded: 0)
System memory in use before: 68.1 MB.
System memory in use after: 68.2 MB.

Unloading 4 unused Assets to reduce memory usage. Loaded Objects now: 1875.
Total: 1.483600 ms (FindLiveObjects: 0.147800 ms CreateObjectMapping: 0.046000 ms MarkObjects: 1.275500 ms  DeleteObjects: 0.013300 ms)

AssetImportWorkerClient::OnTransportError - code=2 error=End of file
